[2026-05-15 13:26:07] Triggering Vercel processing job...
[2026-05-15 13:26:07] Waiting 10s for upload to settle...
[2026-05-15 13:26:22] Response (HTTP 200): {"success":true,"report_date":"2026-05-15","calendar":{"pushed":4,"failed":0,"errors":[]},"emails":{"pushed":19,"updated":0,"failed":0,"errors":[]},"summary":{"total_pushed":23,"total_failed":0,"calendar":4,"bucket1":6,"bucket2":4,"bucket3":6,"bucket4":3,"bucket5":0},"processed_at":"2026-05-15T20:26:22.216Z"}
[2026-05-15 13:26:22] SUCCESS: 23 records pushed to database
[2026-05-16 06:34:08] Triggering Vercel processing job...
[2026-05-16 06:34:08] Waiting 10s for upload to settle...
[2026-05-16 06:34:23] Response (HTTP 200): {"success":true,"report_date":"2026-05-16","calendar":{"pushed":1,"failed":0,"errors":[]},"emails":{"pushed":26,"updated":8,"failed":0,"errors":[]},"summary":{"total_pushed":27,"total_failed":0,"calendar":1,"bucket1":6,"bucket2":3,"bucket3":12,"bucket4":4,"bucket5":1},"processed_at":"2026-05-16T13:34:23.107Z"}
[2026-05-16 06:34:23] SUCCESS: 27 records pushed to database
[2026-05-17 06:05:00] Starting processing trigger polling...
[2026-05-17 06:05:10] Upload not ready yet. Waiting 120s... (0s elapsed)
[2026-05-17 06:07:46] Upload not ready yet. Waiting 120s... (120s elapsed)
[2026-05-17 06:38:27] Upload not ready yet. Waiting 120s... (240s elapsed)
[2026-05-17 06:50:13] Upload not ready yet. Waiting 120s... (360s elapsed)
[2026-05-17 07:44:42] Upload not ready yet. Waiting 120s... (480s elapsed)
[2026-05-17 07:54:50] Upload not ready yet. Waiting 120s... (600s elapsed)
[2026-05-17 08:09:14] Upload not ready yet. Waiting 120s... (720s elapsed)
[2026-05-17 08:23:22] Upload not ready yet. Waiting 120s... (840s elapsed)
[2026-05-17 08:28:46] Upload not ready yet. Waiting 120s... (960s elapsed)
[2026-05-17 08:34:50] Upload not ready yet. Waiting 120s... (1080s elapsed)
[2026-05-17 08:47:41] Upload not ready yet. Waiting 120s... (1200s elapsed)
[2026-05-17 08:59:05] Upload not ready yet. Waiting 120s... (1320s elapsed)
[2026-05-17 09:13:09] Upload not ready yet. Waiting 120s... (1440s elapsed)
[2026-05-17 09:33:54] Upload not ready yet. Waiting 120s... (1560s elapsed)
[2026-05-17 09:40:27] Upload not ready yet. Waiting 120s... (1680s elapsed)
[2026-05-17 09:49:05] TIMEOUT: Upload never completed after 1800s
[2026-05-17 15:03:29] Starting processing trigger polling...
[2026-05-17 15:03:30] Upload confirmed. Triggering processing...
[2026-05-17 15:03:34] Processing response (HTTP 200): {"success":true,"report_date":"2026-05-17","calendar":{"pushed":2,"failed":0,"errors":[]},"emails":{"pushed":27,"updated":23,"failed":0,"errors":[]},"summary":{"total_pushed":29,"total_failed":0,"calendar":2,"bucket1":7,"bucket2":4,"bucket3":11,"bucket4":4,"bucket5":1},"processed_at":"2026-05-17T22:03:34.329Z"}
[2026-05-17 15:03:34] SUCCESS: Processing complete
[2026-05-17 15:04:23] Starting processing trigger polling...
[2026-05-17 15:04:23] Processing already complete. Exiting.
