[2026-05-14 22:34:10] Starting upload...
[2026-05-14 22:34:10] File found: /sessions/pensive-nice-lamport/mnt/personal-os/data/last-email-report.json (14649 bytes)
[2026-05-14 22:34:10] WARNING: Report date '2026-05-15' does not match today '2026-05-14' — uploading anyway
[2026-05-14 22:34:10] Report date: 2026-05-15 — uploading to daily-reports/2026-05-14.json
[2026-05-14 22:34:10] POST response (HTTP 000): 
[2026-05-14 22:34:10] POST returned 000 — trying PUT fallback...
[2026-05-14 22:34:10] PUT response (HTTP 000): 
[2026-05-14 22:34:10] ERROR: Both POST and PUT failed (last status: 000)
[2026-05-15 13:25:40] Starting upload...
[2026-05-15 13:25:40] File found: /Users/ryanhankins/personal-os/data/last-email-report.json (   14649 bytes)
[2026-05-15 13:25:40] Report date: 2026-05-15 — uploading to daily-reports/2026-05-15.json
[2026-05-15 13:25:41] POST response (HTTP 200): {"Key":"daily-reports/2026-05-15.json","Id":"c6fdbd6b-5ebc-4b3f-9c4d-3f383f7a62a5"}
[2026-05-15 13:25:41] SUCCESS: daily-reports/2026-05-15.json uploaded
[2026-05-15 14:07:03] Starting upload...
[2026-05-15 14:07:03] File found: /Users/ryanhankins/personal-os/data/last-email-report.json (   20299 bytes)
[2026-05-15 14:07:03] Report date: 2026-05-15 — uploading to daily-reports/2026-05-15.json
[2026-05-15 14:07:04] POST response (HTTP 200): {"Key":"daily-reports/2026-05-15.json","Id":"c6fdbd6b-5ebc-4b3f-9c4d-3f383f7a62a5"}
[2026-05-15 14:07:04] SUCCESS: daily-reports/2026-05-15.json uploaded
[2026-05-16 06:34:08] Starting upload...
[2026-05-16 06:34:08] File found: /Users/ryanhankins/personal-os/data/last-email-report.json (   27237 bytes)
[2026-05-16 06:34:09] Report date: 2026-05-16 — uploading to daily-reports/2026-05-16.json
[2026-05-16 06:34:10] POST response (HTTP 200): {"Key":"daily-reports/2026-05-16.json","Id":"90af3209-a870-411c-b7f9-fb8eedebcb63"}
[2026-05-16 06:34:10] SUCCESS: daily-reports/2026-05-16.json uploaded
[2026-05-17 06:23:04] Starting upload...
[2026-05-17 06:23:04] File found: /Users/ryanhankins/personal-os/data/last-email-report.json (   27237 bytes)
[2026-05-17 06:23:04] ERROR: File exists but report_date '2026-05-16' does not match today '2026-05-17' — aborting
[2026-05-17 15:03:26] Starting upload...
[2026-05-17 15:03:26] File found: /Users/ryanhankins/personal-os/data/last-email-report.json (   32149 bytes)
[2026-05-17 15:03:26] Report date: 2026-05-17 — uploading to daily-reports/2026-05-17.json
[2026-05-17 15:03:27] POST response (HTTP 200): {"Key":"daily-reports/2026-05-17.json","Id":"e1e7d1f0-8a82-4723-8103-49c74327531b"}
[2026-05-17 15:03:27] SUCCESS: daily-reports/2026-05-17.json uploaded
{"success":true,"step":"upload","completed_at":"2026-05-17T22:03:29.585Z"}
[2026-05-17 15:04:09] Starting upload...
[2026-05-17 15:04:09] File found: /Users/ryanhankins/personal-os/data/last-email-report.json (   32149 bytes)
[2026-05-17 15:04:09] Report date: 2026-05-17 — uploading to daily-reports/2026-05-17.json
[2026-05-17 15:04:09] POST response (HTTP 200): {"Key":"daily-reports/2026-05-17.json","Id":"e1e7d1f0-8a82-4723-8103-49c74327531b"}
[2026-05-17 15:04:09] SUCCESS: daily-reports/2026-05-17.json uploaded
{"success":true,"step":"upload","completed_at":"2026-05-17T22:04:10.423Z"}
