
━━━━━━━━━━━━━━━━━━━━━━━━━━━━━━━━━━━━━━━━━━━━━━━━━━
  EMAIL PUSH — 2026-06-24
━━━━━━━━━━━━━━━━━━━━━━━━━━━━━━━━━━━━━━━━━━━━━━━━━━
  Archived → /Users/ryanhankins/personal-os/data/archive/2026-06-24-email-report.json

── NEEDS REPLY (3) ──
  ✓ Pac Fusion / Clayco - OCIP Materials
  ✓ Documents Pending Approval
  ✓ Monthly Safety Training Overdue

── WAITING ON (10) ──
  ✓ Pacific Fusion Owner
  ✓ Pacific Fusion || Second Containment Options
  ✓ Advance Tank Clearance Requirements
  ✓ Onsite & OS3 early civil site & grading package
  ✓ Project Solis - Augercast and Rigid Inclusion Analysis
  ✓ ASML Electrical gear - Meters
  ✓ Solis - GMP 1 approval for Mobilization and Ground Breaking
  ✓ Gotion BESS - Construction Support and Record Drawings
  ✓ MDS | PF Sync
  ✓ FW: Gotion and Ulteig Proposals

── OVERSIGHT (11) ──
  ✓ Solis - Lighting Package
  ✓ Gotion BESS - Stormwater Detention Basin - 60% Calcs
  ✓ 24.04110 - ClayCo / Ulteig - Gotion Solar
  ✓ DS3 Structural Sync / Echo 9ft truss
  ✓ Project Sun - BHM/Sofidel Proposal Reply
  ✓ Signage
  ✓ Clayco's GC & Fee Proposal for Project Sun
  ✓ Clayco Prequal
  ✓ Solis Schedule and Logistics
  ✓ Gotion - ComEd Main Power Transformer
  ✓ Solis - Progress RCP & Lighting - Coordination

── PIPELINE MARKER ──
  ✗ Pipeline marker failed  [HTTP Error 400: Bad Request]

━━━━━━━━━━━━━━━━━━━━━━━━━━━━━━━━━━━━━━━━━━━━━━━━━━
  SUCCESS: 24  |  FAILED: 0
  Archive: /Users/ryanhankins/personal-os/data/archive/2026-06-24-email-report.json
━━━━━━━━━━━━━━━━━━━━━━━━━━━━━━━━━━━━━━━━━━━━━━━━━━


━━━━━━━━━━━━━━━━━━━━━━━━━━━━━━━━━━━━━━━━━━━━━━━━━━
  EMAIL PUSH — 2026-06-25
━━━━━━━━━━━━━━━━━━━━━━━━━━━━━━━━━━━━━━━━━━━━━━━━━━
  Archived → /Users/ryanhankins/personal-os/data/archive/2026-06-25-email-report.json
⚠  Report date is 2026-06-24, today is 2026-06-25.
   Proceeding anyway — may be a weekend or holiday catch-up.

── NEEDS REPLY (3) ──
  ✓ Pac Fusion / Clayco - OCIP Materials
  ✓ Documents Pending Approval
  ✓ Monthly Safety Training Overdue

── WAITING ON (10) ──
  ✓ Pacific Fusion Owner
  ✓ Pacific Fusion || Second Containment Options
  ✓ Advance Tank Clearance Requirements
  ✓ Onsite & OS3 early civil site & grading package
  ✓ Project Solis - Augercast and Rigid Inclusion Analysis
  ✓ ASML Electrical gear - Meters
  ✓ Solis - GMP 1 approval for Mobilization and Ground Breaking
  ✓ Gotion BESS - Construction Support and Record Drawings
  ✓ MDS | PF Sync
  ✓ FW: Gotion and Ulteig Proposals

── OVERSIGHT (11) ──
  ✓ Solis - Lighting Package
  ✓ Gotion BESS - Stormwater Detention Basin - 60% Calcs
  ✓ 24.04110 - ClayCo / Ulteig - Gotion Solar
  ✓ DS3 Structural Sync / Echo 9ft truss
  ✓ Project Sun - BHM/Sofidel Proposal Reply
  ✓ Signage
  ✓ Clayco's GC & Fee Proposal for Project Sun
  ✓ Clayco Prequal
  ✓ Solis Schedule and Logistics
  ✓ Gotion - ComEd Main Power Transformer
  ✓ Solis - Progress RCP & Lighting - Coordination

── PIPELINE MARKER ──
  ✓ Pipeline marker posted  [HTTP 200]

━━━━━━━━━━━━━━━━━━━━━━━━━━━━━━━━━━━━━━━━━━━━━━━━━━
  SUCCESS: 24  |  FAILED: 0
  Archive: /Users/ryanhankins/personal-os/data/archive/2026-06-25-email-report.json
━━━━━━━━━━━━━━━━━━━━━━━━━━━━━━━━━━━━━━━━━━━━━━━━━━


━━━━━━━━━━━━━━━━━━━━━━━━━━━━━━━━━━━━━━━━━━━━━━━━━━
  EMAIL PUSH — 2026-06-25
━━━━━━━━━━━━━━━━━━━━━━━━━━━━━━━━━━━━━━━━━━━━━━━━━━
  Archived → /Users/ryanhankins/personal-os/data/archive/2026-06-25-email-report.json
⚠  Report date is 2026-06-24, today is 2026-06-25.
   Proceeding anyway — may be a weekend or holiday catch-up.

── NEEDS REPLY (3) ──
  ✓ Pac Fusion / Clayco - OCIP Materials
  ✓ Documents Pending Approval
  ✓ Monthly Safety Training Overdue

── WAITING ON (10) ──
  ✓ Pacific Fusion Owner
  ✓ Pacific Fusion || Second Containment Options
  ✓ Advance Tank Clearance Requirements
  ✓ Onsite & OS3 early civil site & grading package
  ✓ Project Solis - Augercast and Rigid Inclusion Analysis
  ✓ ASML Electrical gear - Meters
  ✓ Solis - GMP 1 approval for Mobilization and Ground Breaking
  ✓ Gotion BESS - Construction Support and Record Drawings
  ✓ MDS | PF Sync
  ✓ FW: Gotion and Ulteig Proposals

── OVERSIGHT (11) ──
  ✓ Solis - Lighting Package
  ✓ Gotion BESS - Stormwater Detention Basin - 60% Calcs
  ✓ 24.04110 - ClayCo / Ulteig - Gotion Solar
  ✓ DS3 Structural Sync / Echo 9ft truss
  ✓ Project Sun - BHM/Sofidel Proposal Reply
  ✓ Signage
  ✓ Clayco's GC & Fee Proposal for Project Sun
  ✓ Clayco Prequal
  ✓ Solis Schedule and Logistics
  ✓ Gotion - ComEd Main Power Transformer
  ✓ Solis - Progress RCP & Lighting - Coordination

── PIPELINE MARKER ──
  ✓ Pipeline marker posted  [HTTP 200]

━━━━━━━━━━━━━━━━━━━━━━━━━━━━━━━━━━━━━━━━━━━━━━━━━━
  SUCCESS: 24  |  FAILED: 0
  Archive: /Users/ryanhankins/personal-os/data/archive/2026-06-25-email-report.json
━━━━━━━━━━━━━━━━━━━━━━━━━━━━━━━━━━━━━━━━━━━━━━━━━━

[2026-06-25] Already pushed today — skipping.
[2026-06-25] Already pushed today — skipping.
[2026-06-25] Already pushed today — skipping.
[2026-06-25] Already pushed today — skipping.

━━━━━━━━━━━━━━━━━━━━━━━━━━━━━━━━━━━━━━━━━━━━━━━━━━
  EMAIL PUSH — 2026-06-26
━━━━━━━━━━━━━━━━━━━━━━━━━━━━━━━━━━━━━━━━━━━━━━━━━━
  Archived → /Users/ryanhankins/personal-os/data/archive/2026-06-26-email-report.json
⚠  Report date is 2026-06-25, today is 2026-06-26.
   Proceeding anyway — may be a weekend or holiday catch-up.

── NEEDS REPLY (4) ──
  ✓ Pac Fusion / OCIP Quote Review
  ✓ Gotion BESS Site Lighting
  ✓ Solis - Amfab Steel Discussion
  ✓ RFP for MDS Project

── WAITING ON (10) ──
  ✓ Project Sun / Sofidel - GC & Fee Proposal
  ✓ Pacific Fusion Lighting Discussion (Villa Lighting)
  ✓ Onsite & OS3 Early Civil Site & Grading Package
  ✓ Advance Tank Clearance Requirements
  ✓ Project Solis - Augercast and Rigid Inclusion Analysis
  ✓ Solis - Progress RCP & Lighting - Coordination
  ✓ Pac Fusion / Clayco - OCIP Materials
  ✓ Project Solis - Geopier RAP Quantities
  ✓ ASML Electrical Gear - Meters
  ✓ Pacific Fusion - Signage

── OVERSIGHT (13) ──
  ✓ Project Solis Foundation Selection - Rigid Inclusions
  ✓ Kate | Ryan - Catch-Up
  ✓ Project Solis Earthwork Prebid Meeting
  ✓ Solis - Service Equipment Yard Pricing
  ✓ Pacific Fusion - Long Lead / Early Trade Purchases
  ✓ 19810146 - Project Fusion Costs
  ✓ Gotion BESS - Phase 1 - Construction Administration
  ✓ Gotion / Ulteig - DEADLINE MOVED TO FRIDAY
  ✓ Solis - Lighting Package
  ✓ MDS | PF Sync
  ✓ Ground Breaking (Pacific Fusion)
  ✓ Gotion and Ulteig Proposals - Permitting
  ✓ Data Center Bid Jobs - Discussion Points

── DOCUMENTS (1) ──
  ✓ PF/Clayco - Preliminary Contract Comments

── PIPELINE MARKER ──
  ✓ Pipeline marker posted  [HTTP 200]

━━━━━━━━━━━━━━━━━━━━━━━━━━━━━━━━━━━━━━━━━━━━━━━━━━
  SUCCESS: 28  |  FAILED: 0
  Archive: /Users/ryanhankins/personal-os/data/archive/2026-06-26-email-report.json
━━━━━━━━━━━━━━━━━━━━━━━━━━━━━━━━━━━━━━━━━━━━━━━━━━


━━━━━━━━━━━━━━━━━━━━━━━━━━━━━━━━━━━━━━━━━━━━━━━━━━
  EMAIL PUSH — 2026-06-26
━━━━━━━━━━━━━━━━━━━━━━━━━━━━━━━━━━━━━━━━━━━━━━━━━━
  Archived → /Users/ryanhankins/personal-os/data/archive/2026-06-26-email-report.json
⚠  Report date is 2026-06-25, today is 2026-06-26.
   Proceeding anyway — may be a weekend or holiday catch-up.

── NEEDS REPLY (4) ──
  ✓ Pac Fusion / OCIP Quote Review
  ✓ Gotion BESS Site Lighting
  ✓ Solis - Amfab Steel Discussion
  ✓ RFP for MDS Project

── WAITING ON (10) ──
  ✓ Project Sun / Sofidel - GC & Fee Proposal
  ✓ Pacific Fusion Lighting Discussion (Villa Lighting)
  ✓ Onsite & OS3 Early Civil Site & Grading Package
  ✓ Advance Tank Clearance Requirements
  ✓ Project Solis - Augercast and Rigid Inclusion Analysis
  ✓ Solis - Progress RCP & Lighting - Coordination
  ✓ Pac Fusion / Clayco - OCIP Materials
  ✓ Project Solis - Geopier RAP Quantities
  ✓ ASML Electrical Gear - Meters
  ✓ Pacific Fusion - Signage

── OVERSIGHT (13) ──
  ✓ Project Solis Foundation Selection - Rigid Inclusions
  ✓ Kate | Ryan - Catch-Up
  ✓ Project Solis Earthwork Prebid Meeting
  ✓ Solis - Service Equipment Yard Pricing
  ✓ Pacific Fusion - Long Lead / Early Trade Purchases
  ✓ 19810146 - Project Fusion Costs
  ✓ Gotion BESS - Phase 1 - Construction Administration
  ✓ Gotion / Ulteig - DEADLINE MOVED TO FRIDAY
  ✓ Solis - Lighting Package
  ✓ MDS | PF Sync
  ✓ Ground Breaking (Pacific Fusion)
  ✓ Gotion and Ulteig Proposals - Permitting
  ✓ Data Center Bid Jobs - Discussion Points

── DOCUMENTS (1) ──
  ✓ PF/Clayco - Preliminary Contract Comments

── PIPELINE MARKER ──
  ✓ Pipeline marker posted  [HTTP 200]

━━━━━━━━━━━━━━━━━━━━━━━━━━━━━━━━━━━━━━━━━━━━━━━━━━
  SUCCESS: 28  |  FAILED: 0
  Archive: /Users/ryanhankins/personal-os/data/archive/2026-06-26-email-report.json
━━━━━━━━━━━━━━━━━━━━━━━━━━━━━━━━━━━━━━━━━━━━━━━━━━

